<?xml version="1.0" encoding="UTF-8"?>
<testng-results ignored="0" total="1" passed="1" failed="0" skipped="0">
  <reporter-output>
  </reporter-output>
  <suite started-at="2026-01-13T09:32:53 IST" name="Default suite" finished-at="2026-01-13T09:33:14 IST" duration-ms="20935">
    <groups>
    </groups>
    <test started-at="2026-01-13T09:32:53 IST" name="Default test" finished-at="2026-01-13T09:33:14 IST" duration-ms="20935">
      <class name="PageObjectModel.ExecuteLogin">
        <test-method signature="valid()[pri:0, instance:PageObjectModel.ExecuteLogin@4802796d]" started-at="2026-01-13T09:32:53 IST" name="valid" finished-at="2026-01-13T09:33:14 IST" duration-ms="20880" status="PASS">
          <reporter-output>
          </reporter-output>
        </test-method> <!-- valid -->
      </class> <!-- PageObjectModel.ExecuteLogin -->
    </test> <!-- Default test -->
  </suite> <!-- Default suite -->
</testng-results>
