<?xml version="1.0" encoding="UTF-8"?>
<!-- Generated by org.testng.reporters.JUnitReportReporter -->
<testsuite hostname="DESKTOP-11SAMQL" failures="0" tests="3" name="Annotation.MainMethod" time="18.859" errors="0" timestamp="2025-12-30T10:00:54 IST" skipped="0">
  <testcase classname="Annotation.MainMethod" name="rcb" time="5.794"/>
  <testcase classname="Annotation.MainMethod" name="csk" time="5.646"/>
  <testcase classname="Annotation.MainMethod" name="mi" time="7.419"/>
</testsuite> <!-- Annotation.MainMethod -->
